{"uid":"9bba08071a0e08f1","name":"Verify the functionality of \"Print\" Button","fullName":"org/xchange/features/UsersPage.feature:523","historyId":"d38098a237c5dc0f626e893f2da65a73","time":{"start":1704372925459,"stop":1704373080913,"duration":155454},"status":"failed","statusMessage":"java.lang.AssertionError","statusTrace":"java.lang.AssertionError\n\tat org.junit.Assert.fail(Assert.java:87)\n\tat org.junit.Assert.assertTrue(Assert.java:42)\n\tat org.junit.Assert.assertTrue(Assert.java:53)\n\tat utils.Helper.getText(Helper.java:345)\n\tat org.xchange.pom.UsersPage.verify_Print_PDF(UsersPage.java:584)\n\tat org.xchange.stepDefs.UsersPageSteps.verifyUserShouldBeAbleToPrintFullPage(UsersPageSteps.java:483)\n\tat ✽.Verify user should be able to print full page(classpath:org/xchange/features/UsersPage.feature:532)\n","flaky":false,"newFailed":false,"newBroken":false,"newPassed":false,"retriesCount":0,"retriesStatusChange":false,"beforeStages":[{"name":"org.xchange.base.BaseLib.before()","time":{"start":1704372925476,"stop":1704372940716,"duration":15240},"status":"passed","steps":[],"attachments":[],"parameters":[],"stepsCount":0,"hasContent":false,"shouldDisplayMessage":false,"attachmentsCount":0,"attachmentStep":false}],"testStage":{"status":"failed","statusMessage":"java.lang.AssertionError","statusTrace":"java.lang.AssertionError\n\tat org.junit.Assert.fail(Assert.java:87)\n\tat org.junit.Assert.assertTrue(Assert.java:42)\n\tat org.junit.Assert.assertTrue(Assert.java:53)\n\tat utils.Helper.getText(Helper.java:345)\n\tat org.xchange.pom.UsersPage.verify_Print_PDF(UsersPage.java:584)\n\tat org.xchange.stepDefs.UsersPageSteps.verifyUserShouldBeAbleToPrintFullPage(UsersPageSteps.java:483)\n\tat ✽.Verify user should be able to print full page(classpath:org/xchange/features/UsersPage.feature:532)\n","steps":[{"name":"Given  User navigate to \"https://qaapp.drylakes.co/\"","time":{"start":1704372940753,"stop":1704372954715,"duration":13962},"status":"passed","steps":[],"attachments":[],"parameters":[],"stepsCount":0,"hasContent":false,"shouldDisplayMessage":false,"attachmentsCount":0,"attachmentStep":false},{"name":"When  User enter email \"atul.katare+250@appinventiv.com\" in input field on login page","time":{"start":1704372954720,"stop":1704372956807,"duration":2087},"status":"passed","steps":[],"attachments":[],"parameters":[],"stepsCount":0,"hasContent":false,"shouldDisplayMessage":false,"attachmentsCount":0,"attachmentStep":false},{"name":"And  User enter password \"@Abcde12345678\" in input field on login page","time":{"start":1704372956807,"stop":1704372957472,"duration":665},"status":"passed","steps":[],"attachments":[],"parameters":[],"stepsCount":0,"hasContent":false,"shouldDisplayMessage":false,"attachmentsCount":0,"attachmentStep":false},{"name":"And  User click on enter button on login page","time":{"start":1704372957473,"stop":1704372959907,"duration":2434},"status":"passed","steps":[],"attachments":[],"parameters":[],"stepsCount":0,"hasContent":false,"shouldDisplayMessage":false,"attachmentsCount":0,"attachmentStep":false},{"name":"And  User enter otp \"123456\" in input field on OTP page","time":{"start":1704372959908,"stop":1704372963218,"duration":3310},"status":"passed","steps":[],"attachments":[],"parameters":[],"stepsCount":0,"hasContent":false,"shouldDisplayMessage":false,"attachmentsCount":0,"attachmentStep":false},{"name":"And  User click on confirm code button on OTP verify page","time":{"start":1704372963224,"stop":1704372963767,"duration":543},"status":"passed","steps":[],"attachments":[],"parameters":[],"stepsCount":0,"hasContent":false,"shouldDisplayMessage":false,"attachmentsCount":0,"attachmentStep":false},{"name":"And  User click on Transactions tab on user page","time":{"start":1704372963768,"stop":1704372970153,"duration":6385},"status":"passed","steps":[],"attachments":[],"parameters":[],"stepsCount":0,"hasContent":false,"shouldDisplayMessage":false,"attachmentsCount":0,"attachmentStep":false},{"name":"And  User click on transaction listing row on transaction page","time":{"start":1704372970155,"stop":1704372972895,"duration":2740},"status":"passed","steps":[],"attachments":[],"parameters":[],"stepsCount":0,"hasContent":false,"shouldDisplayMessage":false,"attachmentsCount":0,"attachmentStep":false},{"name":"And  User click on print button on Transaction Details page","time":{"start":1704372972896,"stop":1704372973411,"duration":515},"status":"passed","steps":[],"attachments":[],"parameters":[],"stepsCount":0,"hasContent":false,"shouldDisplayMessage":false,"attachmentsCount":0,"attachmentStep":false},{"name":"Then  Verify user should be able to print full page","time":{"start":1704372973413,"stop":1704373080775,"duration":107362},"status":"failed","statusMessage":"java.lang.AssertionError","statusTrace":"java.lang.AssertionError\n\tat org.junit.Assert.fail(Assert.java:87)\n\tat org.junit.Assert.assertTrue(Assert.java:42)\n\tat org.junit.Assert.assertTrue(Assert.java:53)\n\tat utils.Helper.getText(Helper.java:345)\n\tat org.xchange.pom.UsersPage.verify_Print_PDF(UsersPage.java:584)\n\tat org.xchange.stepDefs.UsersPageSteps.verifyUserShouldBeAbleToPrintFullPage(UsersPageSteps.java:483)\n\tat ✽.Verify user should be able to print full page(classpath:org/xchange/features/UsersPage.feature:532)\n","steps":[],"attachments":[],"parameters":[],"stepsCount":0,"hasContent":true,"shouldDisplayMessage":true,"attachmentsCount":0,"attachmentStep":false}],"attachments":[],"parameters":[],"stepsCount":10,"hasContent":true,"shouldDisplayMessage":false,"attachmentsCount":0,"attachmentStep":false},"afterStages":[{"name":"org.xchange.base.BaseLib.captureFailureScreenshot(io.cucumber.java.Scenario)","time":{"start":1704373080786,"stop":1704373080800,"duration":14},"status":"passed","steps":[],"attachments":[],"parameters":[],"stepsCount":0,"hasContent":false,"shouldDisplayMessage":false,"attachmentsCount":0,"attachmentStep":false},{"name":"org.xchange.base.BaseLib.after()","time":{"start":1704373080801,"stop":1704373080903,"duration":102},"status":"broken","statusMessage":"AFTER is failed: no such window: target window already closed\nfrom unknown error: web view not found\n  (Session info: chrome=120.0.6099.199)\nBuild info: version: '4.16.1', revision: '9b4c83354e'\nSystem info: os.name: 'Mac OS X', os.arch: 'x86_64', os.version: '12.6.5', java.version: '19.0.2'\nDriver info: org.openqa.selenium.chrome.ChromeDriver\nCommand: [4ed7220f4eb258fede241b3d7653939d, close {}]\nCapabilities {acceptInsecureCerts: false, browserName: chrome, browserVersion: 120.0.6099.199, chrome: {chromedriverVersion: 120.0.6099.109 (3419140ab66..., userDataDir: /var/folders/zh/xsx38sjj3fj...}, fedcm:accounts: true, goog:chromeOptions: {debuggerAddress: localhost:62564}, networkConnectionEnabled: false, pageLoadStrategy: normal, platformName: mac, proxy: Proxy(), se:cdp: ws://localhost:62564/devtoo..., se:cdpVersion: 120.0.6099.199, setWindowRect: true, strictFileInteractability: false, timeouts: {implicit: 0, pageLoad: 300000, script: 30000}, unhandledPromptBehavior: dismiss and notify, webauthn:extension:credBlob: true, webauthn:extension:largeBlob: true, webauthn:extension:minPinLength: true, webauthn:extension:prf: true, webauthn:virtualAuthenticators: true}\nSession ID: 4ed7220f4eb258fede241b3d7653939d","statusTrace":"org.openqa.selenium.NoSuchWindowException: no such window: target window already closed\nfrom unknown error: web view not found\n  (Session info: chrome=120.0.6099.199)\nBuild info: version: '4.16.1', revision: '9b4c83354e'\nSystem info: os.name: 'Mac OS X', os.arch: 'x86_64', os.version: '12.6.5', java.version: '19.0.2'\nDriver info: org.openqa.selenium.chrome.ChromeDriver\nCommand: [4ed7220f4eb258fede241b3d7653939d, close {}]\nCapabilities {acceptInsecureCerts: false, browserName: chrome, browserVersion: 120.0.6099.199, chrome: {chromedriverVersion: 120.0.6099.109 (3419140ab66..., userDataDir: /var/folders/zh/xsx38sjj3fj...}, fedcm:accounts: true, goog:chromeOptions: {debuggerAddress: localhost:62564}, networkConnectionEnabled: false, pageLoadStrategy: normal, platformName: mac, proxy: Proxy(), se:cdp: ws://localhost:62564/devtoo..., se:cdpVersion: 120.0.6099.199, setWindowRect: true, strictFileInteractability: false, timeouts: {implicit: 0, pageLoad: 300000, script: 30000}, unhandledPromptBehavior: dismiss and notify, webauthn:extension:credBlob: true, webauthn:extension:largeBlob: true, webauthn:extension:minPinLength: true, webauthn:extension:prf: true, webauthn:virtualAuthenticators: true}\nSession ID: 4ed7220f4eb258fede241b3d7653939d\n\tat java.base/jdk.internal.reflect.DirectConstructorHandleAccessor.newInstance(DirectConstructorHandleAccessor.java:67)\n\tat java.base/java.lang.reflect.Constructor.newInstanceWithCaller(Constructor.java:500)\n\tat java.base/java.lang.reflect.Constructor.newInstance(Constructor.java:484)\n\tat org.openqa.selenium.remote.codec.w3c.W3CHttpResponseCodec.createException(W3CHttpResponseCodec.java:200)\n\tat org.openqa.selenium.remote.codec.w3c.W3CHttpResponseCodec.decode(W3CHttpResponseCodec.java:133)\n\tat org.openqa.selenium.remote.codec.w3c.W3CHttpResponseCodec.decode(W3CHttpResponseCodec.java:52)\n\tat org.openqa.selenium.remote.HttpCommandExecutor.execute(HttpCommandExecutor.java:191)\n\tat org.openqa.selenium.remote.service.DriverCommandExecutor.invokeExecute(DriverCommandExecutor.java:200)\n\tat org.openqa.selenium.remote.service.DriverCommandExecutor.execute(DriverCommandExecutor.java:175)\n\tat org.openqa.selenium.remote.RemoteWebDriver.execute(RemoteWebDriver.java:523)\n\tat org.openqa.selenium.remote.RemoteWebDriver.execute(RemoteWebDriver.java:596)\n\tat org.openqa.selenium.remote.RemoteWebDriver.execute(RemoteWebDriver.java:600)\n\tat org.openqa.selenium.remote.RemoteWebDriver.close(RemoteWebDriver.java:410)\n\tat driver.DriverFactory.tearDown(DriverFactory.java:90)\n\tat org.xchange.base.BaseLib.after(BaseLib.java:24)\n","steps":[],"attachments":[],"parameters":[],"stepsCount":0,"hasContent":true,"shouldDisplayMessage":true,"attachmentsCount":0,"attachmentStep":false}],"labels":[{"name":"tag","value":"UserPage"},{"name":"tag","value":"TC_M11.1_085"},{"name":"host","value":"MYPCs-MacBook-Air.local"},{"name":"thread","value":"12648@MYPCs-MacBook-Air.local.main(1)"},{"name":"feature","value":"User page feature"},{"name":"story","value":"Verify the functionality of \"Print\" Button"},{"name":"suite","value":"User page feature"},{"name":"testClass","value":"Verify the functionality of \"Print\" Button"},{"name":"framework","value":"cucumber4jvm"},{"name":"language","value":"java"},{"name":"gherkin_uri","value":"classpath:org/xchange/features/UsersPage.feature"},{"name":"package","value":"org.xchange.features.UsersPage_feature.User page feature"},{"name":"resultFormat","value":"allure2"}],"parameters":[],"links":[],"hidden":true,"retry":true,"extra":{"categories":[],"tags":["UserPage","TC_M11.1_085"]},"source":"9bba08071a0e08f1.json","parameterValues":[]}